2023-06-03 18:29:09,666 [Worker-4: Loading available Gradle versions] INFO  o.e.b.c.i.u.g.PublishedGradleVersions - Gradle version information cache is up-to-date. Trying to read.
2023-06-03 18:32:15,830 [Worker-2: Import Getting Started Content] INFO  o.e.m.c.i.l.LifecycleMappingFactory - Using org.eclipse.m2e.jdt.JarLifecycleMapping lifecycle mapping for MavenProject: com.inti:IntiElectrodomesticos:0.0.1-SNAPSHOT @ D:\Cibertec\V Ciclo\DESAROLLO DE APLICACIONES WEB I\Proyecto\Proyecto - IntiElectromesticos\IntiElectrodomesticos\pom.xml.
2023-06-03 18:32:19,001 [Worker-2: Import Getting Started Content] INFO  o.e.m.j.i.AbstractJavaProjectConfigurator - Adding source folder /IntiElectrodomesticos/src/main/java
2023-06-03 18:32:19,002 [Worker-2: Import Getting Started Content] INFO  o.e.m.j.i.AbstractJavaProjectConfigurator - Adding resource folder /IntiElectrodomesticos/src/main/resources
2023-06-03 18:32:19,008 [Worker-2: Import Getting Started Content] INFO  o.e.m.j.i.AbstractJavaProjectConfigurator - Adding resource folder /IntiElectrodomesticos/src/main/resources
2023-06-03 18:32:19,015 [Worker-2: Import Getting Started Content] INFO  o.e.m.j.i.AbstractJavaProjectConfigurator - Adding source folder /IntiElectrodomesticos/src/test/java
2023-06-03 18:32:22,558 [Worker-2: Import Getting Started Content] INFO  o.e.m.c.i.p.ProjectConfigurationManager - Imported and configured 1 project(s) in 9 sec
2023-06-03 18:32:22,563 [Worker-2: Import Getting Started Content] INFO  o.e.m.c.i.p.ProjectConfigurationManager - Update started
2023-06-03 18:32:22,821 [Worker-2: Import Getting Started Content] INFO  o.e.m.c.i.l.LifecycleMappingFactory - Using org.eclipse.m2e.jdt.JarLifecycleMapping lifecycle mapping for MavenProject: com.inti:IntiElectrodomesticos:0.0.1-SNAPSHOT @ D:\Cibertec\V Ciclo\DESAROLLO DE APLICACIONES WEB I\Proyecto\Proyecto - IntiElectromesticos\IntiElectrodomesticos\pom.xml.
2023-06-03 18:32:23,301 [Worker-2: Import Getting Started Content] INFO  o.e.m.j.i.AbstractJavaProjectConfigurator - Adding source folder /IntiElectrodomesticos/src/main/java
2023-06-03 18:32:23,301 [Worker-2: Import Getting Started Content] INFO  o.e.m.j.i.AbstractJavaProjectConfigurator - Adding resource folder /IntiElectrodomesticos/src/main/resources
2023-06-03 18:32:23,301 [Worker-2: Import Getting Started Content] INFO  o.e.m.j.i.AbstractJavaProjectConfigurator - Adding resource folder /IntiElectrodomesticos/src/main/resources
2023-06-03 18:32:23,302 [Worker-2: Import Getting Started Content] INFO  o.e.m.j.i.AbstractJavaProjectConfigurator - Adding source folder /IntiElectrodomesticos/src/test/java
2023-06-03 18:32:23,956 [Worker-2: Import Getting Started Content] INFO  o.e.m.c.i.p.ProjectConfigurationManager - Update completed for 1 poms: local refresh takes 0.00 sec, refresh facades takes 0.00 sec, update config takes 0.00 sec 
2023-06-03 18:32:24,809 [Worker-0: Building] INFO  o.a.m.s.f.DefaultMavenResourcesFiltering - Copying 1 resource from src\main\resources to target\classes
2023-06-03 18:32:24,836 [Worker-0: Building] INFO  o.a.m.s.f.DefaultMavenResourcesFiltering - Copying 0 resource from src\main\resources to target\classes
2023-06-03 18:32:24,843 [Worker-0: Building] INFO  o.a.m.s.f.DefaultMavenResourcesFiltering - skip non existing resourceDirectory D:\Cibertec\V Ciclo\DESAROLLO DE APLICACIONES WEB I\Proyecto\Proyecto - IntiElectromesticos\IntiElectrodomesticos\src\test\resources
2023-06-03 18:36:56,042 [Worker-4: Loading available Gradle versions] INFO  o.e.b.c.i.u.g.PublishedGradleVersions - Gradle version information cache is up-to-date. Trying to read.
2023-06-03 18:37:51,317 [Worker-9: Building] INFO  o.a.m.s.f.DefaultMavenResourcesFiltering - Copying 1 resource from src\main\resources to target\classes
2023-06-03 18:37:51,336 [Worker-9: Building] INFO  o.a.m.s.f.DefaultMavenResourcesFiltering - Copying 0 resource from src\main\resources to target\classes
2023-06-03 18:37:51,342 [Worker-9: Building] INFO  o.a.m.s.f.DefaultMavenResourcesFiltering - skip non existing resourceDirectory D:\Cibertec\V Ciclo\DESAROLLO DE APLICACIONES WEB I\Proyecto\Proyecto - IntiElectromesticos\IntiElectrodomesticos\src\test\resources
2023-06-03 18:38:20,797 [Worker-6: Building] INFO  o.a.m.s.f.DefaultMavenResourcesFiltering - Copying 0 resource from src\main\resources to target\classes
2023-06-03 18:38:20,798 [Worker-6: Building] INFO  o.a.m.s.f.DefaultMavenResourcesFiltering - Copying 1 resource from src\main\resources to target\classes
2023-06-03 18:38:20,805 [Worker-6: Building] INFO  o.a.m.s.f.DefaultMavenResourcesFiltering - skip non existing resourceDirectory D:\Cibertec\V Ciclo\DESAROLLO DE APLICACIONES WEB I\Proyecto\Proyecto - IntiElectromesticos\IntiElectrodomesticos\src\test\resources
2023-06-03 18:39:32,265 [Worker-9: Building] INFO  o.a.m.s.f.DefaultMavenResourcesFiltering - Copying 0 resource from src\main\resources to target\classes
2023-06-03 18:39:32,265 [Worker-9: Building] INFO  o.a.m.s.f.DefaultMavenResourcesFiltering - Copying 1 resource from src\main\resources to target\classes
2023-06-03 18:39:32,269 [Worker-9: Building] INFO  o.a.m.s.f.DefaultMavenResourcesFiltering - skip non existing resourceDirectory D:\Cibertec\V Ciclo\DESAROLLO DE APLICACIONES WEB I\Proyecto\Proyecto - IntiElectromesticos\IntiElectrodomesticos\src\test\resources
2023-06-03 18:40:02,772 [Worker-2: Building] INFO  o.a.m.s.f.DefaultMavenResourcesFiltering - Copying 0 resource from src\main\resources to target\classes
2023-06-03 18:40:02,777 [Worker-2: Building] INFO  o.a.m.s.f.DefaultMavenResourcesFiltering - Copying 131 resources from src\main\resources to target\classes
2023-06-03 18:40:02,898 [Worker-2: Building] INFO  o.a.m.s.f.DefaultMavenResourcesFiltering - skip non existing resourceDirectory D:\Cibertec\V Ciclo\DESAROLLO DE APLICACIONES WEB I\Proyecto\Proyecto - IntiElectromesticos\IntiElectrodomesticos\src\test\resources
2023-06-03 18:42:01,799 [Worker-7: Building] INFO  o.a.m.s.f.DefaultMavenResourcesFiltering - Copying 0 resource from src\main\resources to target\classes
2023-06-03 18:42:01,800 [Worker-7: Building] INFO  o.a.m.s.f.DefaultMavenResourcesFiltering - Copying 0 resource from src\main\resources to target\classes
2023-06-03 18:42:01,829 [Worker-7: Building] INFO  o.a.m.s.f.DefaultMavenResourcesFiltering - skip non existing resourceDirectory D:\Cibertec\V Ciclo\DESAROLLO DE APLICACIONES WEB I\Proyecto\Proyecto - IntiElectromesticos\IntiElectrodomesticos\src\test\resources
2023-06-03 19:03:09,287 [Worker-4: Loading available Gradle versions] INFO  o.e.b.c.i.u.g.PublishedGradleVersions - Gradle version information cache is up-to-date. Trying to read.
2023-06-03 19:03:31,516 [Worker-0: Building] INFO  o.a.m.s.f.DefaultMavenResourcesFiltering - Copying 1 resource from src\main\resources to target\classes
2023-06-03 19:03:31,538 [Worker-0: Building] INFO  o.a.m.s.f.DefaultMavenResourcesFiltering - Copying 133 resources from src\main\resources to target\classes
2023-06-03 19:03:31,675 [Worker-0: Building] INFO  o.a.m.s.f.DefaultMavenResourcesFiltering - skip non existing resourceDirectory D:\Cibertec\V Ciclo\DESAROLLO DE APLICACIONES WEB I\Proyecto\Proyecto - IntiElectromesticos\IntiElectrodomesticos\src\test\resources
2023-06-03 19:04:29,573 [Worker-5: Building] INFO  o.a.m.s.f.DefaultMavenResourcesFiltering - Copying 0 resource from src\main\resources to target\classes
2023-06-03 19:04:29,574 [Worker-5: Building] INFO  o.a.m.s.f.DefaultMavenResourcesFiltering - Copying 1 resource from src\main\resources to target\classes
2023-06-03 19:04:29,585 [Worker-5: Building] INFO  o.a.m.s.f.DefaultMavenResourcesFiltering - skip non existing resourceDirectory D:\Cibertec\V Ciclo\DESAROLLO DE APLICACIONES WEB I\Proyecto\Proyecto - IntiElectromesticos\IntiElectrodomesticos\src\test\resources
2023-06-03 19:04:32,442 [Worker-12: Building] INFO  o.a.m.s.f.DefaultMavenResourcesFiltering - Copying 0 resource from src\main\resources to target\classes
2023-06-03 19:04:32,442 [Worker-12: Building] INFO  o.a.m.s.f.DefaultMavenResourcesFiltering - Copying 1 resource from src\main\resources to target\classes
2023-06-03 19:04:32,446 [Worker-12: Building] INFO  o.a.m.s.f.DefaultMavenResourcesFiltering - skip non existing resourceDirectory D:\Cibertec\V Ciclo\DESAROLLO DE APLICACIONES WEB I\Proyecto\Proyecto - IntiElectromesticos\IntiElectrodomesticos\src\test\resources
